{"C:\\Users\\ViniciusGodoy\\Documents\\GitHub\\full-stack-development-projects\\backend\\tech-challenge-blog\\src\\app.js": {"path":"C:\\Users\\ViniciusGodoy\\Documents\\GitHub\\full-stack-development-projects\\backend\\tech-challenge-blog\\src\\app.js","statementMap":{"0":{"start":{"line":1,"column":16},"end":{"line":1,"column":34}},"1":{"start":{"line":2,"column":19},"end":{"line":2,"column":49}},"2":{"start":{"line":4,"column":12},"end":{"line":4,"column":21}},"3":{"start":{"line":6,"column":0},"end":{"line":6,"column":24}},"4":{"start":{"line":8,"column":0},"end":{"line":8,"column":30}},"5":{"start":{"line":10,"column":0},"end":{"line":10,"column":21}}},"fnMap":{},"branchMap":{},"s":{"0":1,"1":1,"2":1,"3":1,"4":1,"5":1},"f":{},"b":{},"_coverageSchema":"1a1c01bbd47fc00a2c39e90264f33305004495a9","hash":"a0e74438b7565193244a3238219261ff252c6c39"}
,"C:\\Users\\ViniciusGodoy\\Documents\\GitHub\\full-stack-development-projects\\backend\\tech-challenge-blog\\src\\controllers\\PostController.js": {"path":"C:\\Users\\ViniciusGodoy\\Documents\\GitHub\\full-stack-development-projects\\backend\\tech-challenge-blog\\src\\controllers\\PostController.js","statementMap":{"0":{"start":{"line":1,"column":20},"end":{"line":1,"column":54}},"1":{"start":{"line":5,"column":4},"end":{"line":10,"column":5}},"2":{"start":{"line":6,"column":20},"end":{"line":6,"column":51}},"3":{"start":{"line":7,"column":6},"end":{"line":7,"column":41}},"4":{"start":{"line":9,"column":6},"end":{"line":9,"column":61}},"5":{"start":{"line":14,"column":4},"end":{"line":28,"column":5}},"6":{"start":{"line":15,"column":33},"end":{"line":15,"column":41}},"7":{"start":{"line":17,"column":6},"end":{"line":21,"column":7}},"8":{"start":{"line":18,"column":8},"end":{"line":20,"column":11}},"9":{"start":{"line":23,"column":19},"end":{"line":23,"column":67}},"10":{"start":{"line":25,"column":6},"end":{"line":25,"column":40}},"11":{"start":{"line":27,"column":6},"end":{"line":27,"column":61}},"12":{"start":{"line":32,"column":0},"end":{"line":32,"column":38}}},"fnMap":{"0":{"name":"(anonymous_0)","decl":{"start":{"line":4,"column":2},"end":{"line":4,"column":3}},"loc":{"start":{"line":4,"column":25},"end":{"line":11,"column":3}},"line":4},"1":{"name":"(anonymous_1)","decl":{"start":{"line":13,"column":2},"end":{"line":13,"column":3}},"loc":{"start":{"line":13,"column":25},"end":{"line":29,"column":3}},"line":13}},"branchMap":{"0":{"loc":{"start":{"line":17,"column":6},"end":{"line":21,"column":7}},"type":"if","locations":[{"start":{"line":17,"column":6},"end":{"line":21,"column":7}},{"start":{},"end":{}}],"line":17},"1":{"loc":{"start":{"line":17,"column":10},"end":{"line":17,"column":28}},"type":"binary-expr","locations":[{"start":{"line":17,"column":10},"end":{"line":17,"column":16}},{"start":{"line":17,"column":20},"end":{"line":17,"column":28}}],"line":17}},"s":{"0":1,"1":1,"2":1,"3":1,"4":0,"5":2,"6":2,"7":2,"8":1,"9":1,"10":1,"11":0,"12":1},"f":{"0":1,"1":2},"b":{"0":[1,1],"1":[2,1]},"_coverageSchema":"1a1c01bbd47fc00a2c39e90264f33305004495a9","hash":"2579b3a317fa042d5d53d4c6e4a53721f2cef0fc"}
,"C:\\Users\\ViniciusGodoy\\Documents\\GitHub\\full-stack-development-projects\\backend\\tech-challenge-blog\\src\\repositories\\PostRepository.js": {"path":"C:\\Users\\ViniciusGodoy\\Documents\\GitHub\\full-stack-development-projects\\backend\\tech-challenge-blog\\src\\repositories\\PostRepository.js","statementMap":{"0":{"start":{"line":1,"column":12},"end":{"line":3,"column":1}},"1":{"start":{"line":7,"column":4},"end":{"line":7,"column":17}},"2":{"start":{"line":11,"column":20},"end":{"line":14,"column":5}},"3":{"start":{"line":16,"column":4},"end":{"line":16,"column":24}},"4":{"start":{"line":17,"column":4},"end":{"line":17,"column":19}},"5":{"start":{"line":21,"column":0},"end":{"line":21,"column":38}}},"fnMap":{"0":{"name":"(anonymous_0)","decl":{"start":{"line":6,"column":2},"end":{"line":6,"column":3}},"loc":{"start":{"line":6,"column":18},"end":{"line":8,"column":3}},"line":6},"1":{"name":"(anonymous_1)","decl":{"start":{"line":10,"column":2},"end":{"line":10,"column":3}},"loc":{"start":{"line":10,"column":21},"end":{"line":18,"column":3}},"line":10}},"branchMap":{},"s":{"0":1,"1":0,"2":0,"3":0,"4":0,"5":1},"f":{"0":0,"1":0},"b":{},"_coverageSchema":"1a1c01bbd47fc00a2c39e90264f33305004495a9","hash":"0ccccb0748e8a8e663f6115b39281b9f95bee682"}
,"C:\\Users\\ViniciusGodoy\\Documents\\GitHub\\full-stack-development-projects\\backend\\tech-challenge-blog\\src\\routes\\postRoutes.js": {"path":"C:\\Users\\ViniciusGodoy\\Documents\\GitHub\\full-stack-development-projects\\backend\\tech-challenge-blog\\src\\routes\\postRoutes.js","statementMap":{"0":{"start":{"line":1,"column":16},"end":{"line":1,"column":34}},"1":{"start":{"line":2,"column":15},"end":{"line":2,"column":31}},"2":{"start":{"line":4,"column":23},"end":{"line":4,"column":63}},"3":{"start":{"line":6,"column":0},"end":{"line":6,"column":63}},"4":{"start":{"line":6,"column":30},"end":{"line":6,"column":61}},"5":{"start":{"line":7,"column":0},"end":{"line":7,"column":64}},"6":{"start":{"line":7,"column":31},"end":{"line":7,"column":62}},"7":{"start":{"line":9,"column":0},"end":{"line":9,"column":24}}},"fnMap":{"0":{"name":"(anonymous_0)","decl":{"start":{"line":6,"column":16},"end":{"line":6,"column":17}},"loc":{"start":{"line":6,"column":30},"end":{"line":6,"column":61}},"line":6},"1":{"name":"(anonymous_1)","decl":{"start":{"line":7,"column":17},"end":{"line":7,"column":18}},"loc":{"start":{"line":7,"column":31},"end":{"line":7,"column":62}},"line":7}},"branchMap":{},"s":{"0":1,"1":1,"2":1,"3":1,"4":1,"5":1,"6":2,"7":1},"f":{"0":1,"1":2},"b":{},"_coverageSchema":"1a1c01bbd47fc00a2c39e90264f33305004495a9","hash":"0b592788b77258add4d76c6d04b784cbd70b311f"}
,"C:\\Users\\ViniciusGodoy\\Documents\\GitHub\\full-stack-development-projects\\backend\\tech-challenge-blog\\src\\services\\PostService.js": {"path":"C:\\Users\\ViniciusGodoy\\Documents\\GitHub\\full-stack-development-projects\\backend\\tech-challenge-blog\\src\\services\\PostService.js","statementMap":{"0":{"start":{"line":1,"column":23},"end":{"line":1,"column":64}},"1":{"start":{"line":5,"column":4},"end":{"line":5,"column":45}},"2":{"start":{"line":9,"column":4},"end":{"line":9,"column":42}},"3":{"start":{"line":13,"column":4},"end":{"line":13,"column":45}},"4":{"start":{"line":17,"column":4},"end":{"line":17,"column":49}},"5":{"start":{"line":21,"column":4},"end":{"line":21,"column":43}},"6":{"start":{"line":25,"column":0},"end":{"line":25,"column":35}}},"fnMap":{"0":{"name":"(anonymous_0)","decl":{"start":{"line":4,"column":2},"end":{"line":4,"column":3}},"loc":{"start":{"line":4,"column":25},"end":{"line":6,"column":3}},"line":4},"1":{"name":"(anonymous_1)","decl":{"start":{"line":8,"column":2},"end":{"line":8,"column":3}},"loc":{"start":{"line":8,"column":22},"end":{"line":10,"column":3}},"line":8},"2":{"name":"(anonymous_2)","decl":{"start":{"line":12,"column":2},"end":{"line":12,"column":3}},"loc":{"start":{"line":12,"column":24},"end":{"line":14,"column":3}},"line":12},"3":{"name":"(anonymous_3)","decl":{"start":{"line":16,"column":2},"end":{"line":16,"column":3}},"loc":{"start":{"line":16,"column":29},"end":{"line":18,"column":3}},"line":16},"4":{"name":"(anonymous_4)","decl":{"start":{"line":20,"column":2},"end":{"line":20,"column":3}},"loc":{"start":{"line":20,"column":23},"end":{"line":22,"column":3}},"line":20}},"branchMap":{},"s":{"0":1,"1":1,"2":0,"3":0,"4":0,"5":0,"6":1},"f":{"0":1,"1":0,"2":0,"3":0,"4":0},"b":{},"_coverageSchema":"1a1c01bbd47fc00a2c39e90264f33305004495a9","hash":"7f7fab42f5e8a41340d97b4d68e48fcd80e5f20e"}
}
