TN:
SF:src\app.js
FN:30,(anonymous_0)
FN:39,(anonymous_1)
FNF:2
FNH:0
FNDA:0,(anonymous_0)
FNDA:0,(anonymous_1)
DA:1,2
DA:2,2
DA:3,2
DA:5,2
DA:6,2
DA:7,2
DA:9,2
DA:12,2
DA:15,2
DA:18,2
DA:19,0
DA:23,2
DA:24,2
DA:27,2
DA:30,2
DA:31,0
DA:39,2
DA:40,0
DA:45,2
LF:19
LH:16
BRDA:18,0,0,0
BRDA:18,0,1,2
BRF:2
BRH:1
end_of_record
TN:
SF:src\controllers\authController.js
FN:12,(anonymous_0)
FN:16,(anonymous_1)
FN:37,(anonymous_2)
FN:42,(anonymous_3)
FNF:4
FNH:3
FNDA:2,(anonymous_0)
FNDA:0,(anonymous_1)
FNDA:2,(anonymous_2)
FNDA:2,(anonymous_3)
DA:2,2
DA:6,2
DA:13,2
DA:16,2
DA:18,2
DA:19,0
DA:23,2
DA:30,2
DA:33,2
DA:38,2
DA:41,2
DA:42,2
DA:46,2
DA:47,0
DA:52,2
DA:59,2
DA:66,2
LF:17
LH:15
BRDA:18,0,0,0
BRDA:18,0,1,2
BRDA:42,1,0,2
BRDA:42,1,1,2
BRDA:46,2,0,0
BRDA:46,2,1,2
BRF:6
BRH:4
end_of_record
TN:
SF:src\controllers\postController.js
FN:9,(anonymous_0)
FN:18,(anonymous_1)
FN:27,(anonymous_2)
FN:36,(anonymous_3)
FN:45,(anonymous_4)
FN:54,(anonymous_5)
FNF:6
FNH:0
FNDA:0,(anonymous_0)
FNDA:0,(anonymous_1)
FNDA:0,(anonymous_2)
FNDA:0,(anonymous_3)
FNDA:0,(anonymous_4)
FNDA:0,(anonymous_5)
DA:3,2
DA:11,0
DA:14,0
DA:20,0
DA:23,0
DA:29,0
DA:32,0
DA:38,0
DA:41,0
DA:47,0
DA:50,0
DA:56,0
DA:59,0
DA:64,2
LF:14
LH:2
BRF:0
BRH:0
end_of_record
TN:
SF:src\docs\swagger.js
FNF:0
FNH:0
DA:4,2
DA:7,2
DA:33,2
DA:43,2
LF:4
LH:4
BRF:0
BRH:0
end_of_record
TN:
SF:src\middlewares\authMiddleware.js
FN:7,ensureAuthenticated
FN:37,checkRole
FN:38,(anonymous_2)
FNF:3
FNH:2
FNDA:1,ensureAuthenticated
FNDA:6,checkRole
FNDA:0,(anonymous_2)
DA:3,2
DA:9,1
DA:12,1
DA:13,0
DA:17,1
DA:19,1
DA:22,1
DA:26,0
DA:29,0
DA:32,1
DA:38,6
DA:40,0
DA:41,0
DA:46,0
DA:51,2
LF:15
LH:9
BRDA:12,0,0,0
BRDA:12,0,1,1
BRDA:22,1,0,1
BRDA:22,1,1,1
BRDA:40,2,0,0
BRDA:40,2,1,0
BRDA:40,3,0,0
BRDA:40,3,1,0
BRF:8
BRH:3
end_of_record
TN:
SF:src\repositories\postRepository.js
FN:10,(anonymous_0)
FN:21,(anonymous_1)
FN:26,(anonymous_2)
FN:27,(anonymous_3)
FN:31,(anonymous_4)
FN:33,(anonymous_5)
FN:45,(anonymous_6)
FN:46,(anonymous_7)
FN:58,(anonymous_8)
FN:59,(anonymous_9)
FNF:10
FNH:0
FNDA:0,(anonymous_0)
FNDA:0,(anonymous_1)
FNDA:0,(anonymous_2)
FNDA:0,(anonymous_3)
FNDA:0,(anonymous_4)
FNDA:0,(anonymous_5)
FNDA:0,(anonymous_6)
FNDA:0,(anonymous_7)
FNDA:0,(anonymous_8)
FNDA:0,(anonymous_9)
DA:3,2
DA:12,0
DA:15,0
DA:17,0
DA:22,0
DA:27,0
DA:33,0
DA:36,0
DA:39,0
DA:41,0
DA:46,0
DA:49,0
DA:52,0
DA:54,0
DA:59,0
DA:60,0
DA:67,2
LF:17
LH:2
BRDA:36,0,0,0
BRDA:36,0,1,0
BRDA:49,1,0,0
BRDA:49,1,1,0
BRF:4
BRH:0
end_of_record
TN:
SF:src\routes\authRoutes.js
FNF:0
FNH:0
DA:2,2
DA:6,2
DA:10,2
DA:15,2
DA:20,2
DA:23,2
LF:6
LH:6
BRF:0
BRH:0
end_of_record
TN:
SF:src\routes\postRoutes.js
FN:19,(anonymous_0)
FN:23,(anonymous_1)
FN:27,(anonymous_2)
FN:40,(anonymous_3)
FN:49,(anonymous_4)
FN:58,(anonymous_5)
FNF:6
FNH:0
FNDA:0,(anonymous_0)
FNDA:0,(anonymous_1)
FNDA:0,(anonymous_2)
FNDA:0,(anonymous_3)
FNDA:0,(anonymous_4)
FNDA:0,(anonymous_5)
DA:2,2
DA:5,2
DA:8,2
DA:11,2
DA:19,2
DA:23,2
DA:27,2
DA:36,2
DA:40,0
DA:45,2
DA:49,0
DA:54,2
DA:58,0
DA:62,2
LF:14
LH:11
BRF:0
BRH:0
end_of_record
TN:
SF:src\services\PostService.js
FN:10,(anonymous_0)
FN:22,(anonymous_1)
FN:27,(anonymous_2)
FN:42,(anonymous_3)
FN:54,(anonymous_4)
FN:59,(anonymous_5)
FNF:6
FNH:4
FNDA:2,(anonymous_0)
FNDA:1,(anonymous_1)
FNDA:2,(anonymous_2)
FNDA:2,(anonymous_3)
FNDA:0,(anonymous_4)
FNDA:0,(anonymous_5)
DA:3,3
DA:13,2
DA:14,1
DA:18,1
DA:23,1
DA:30,2
DA:33,2
DA:36,2
DA:38,1
DA:45,2
DA:46,1
DA:50,1
DA:55,0
DA:60,0
DA:65,3
LF:15
LH:13
BRDA:13,0,0,1
BRDA:13,0,1,1
BRDA:13,1,0,2
BRDA:13,1,1,1
BRDA:30,2,0,0
BRDA:30,2,1,2
BRDA:36,3,0,1
BRDA:36,3,1,1
BRDA:45,4,0,1
BRDA:45,4,1,1
BRDA:45,5,0,2
BRDA:45,5,1,1
BRF:12
BRH:11
end_of_record
